This is XeTeX, Version 3.14159265-2.6-0.99992 (MiKTeX 2.9) (preloaded format=xelatex 2015.11.26)  26 NOV 2015 04:50
entering extended mode
**cies-breijs-resume.tex
(cies-breijs-resume.tex
LaTeX2e <2015/10/01> patch level 2
Babel <3.9m> and hyphenation patterns for 69 languages loaded.
("C:\Program Files (x86)\MiKTeX 2.9\tex\latex\base\article.cls"
Document Class: article 2014/09/29 v1.4h Standard LaTeX document class
("C:\Program Files (x86)\MiKTeX 2.9\tex\latex\base\size10.clo"
File: size10.clo 2014/09/29 v1.4h Standard LaTeX file (size option)
)
\c@part=\count79
\c@section=\count80
\c@subsection=\count81
\c@subsubsection=\count82
\c@paragraph=\count83
\c@subparagraph=\count84
\c@figure=\count85
\c@table=\count86
\abovecaptionskip=\skip41
\belowcaptionskip=\skip42
\bibindent=\dimen102
)
("C:\Program Files (x86)\MiKTeX 2.9\tex\latex\geometry\geometry.sty"
Package: geometry 2010/09/12 v5.6 Page Geometry

("C:\Program Files (x86)\MiKTeX 2.9\tex\latex\graphics\keyval.sty"
Package: keyval 2014/10/28 v1.15 key=value parser (DPC)
\KV@toks@=\toks14
)
("C:\Program Files (x86)\MiKTeX 2.9\tex\generic\oberdiek\ifpdf.sty"
Package: ifpdf 2011/01/30 v2.3 Provides the ifpdf switch (HO)
Package ifpdf Info: pdfTeX in PDF mode is not detected.
)
("C:\Program Files (x86)\MiKTeX 2.9\tex\generic\oberdiek\ifvtex.sty"
Package: ifvtex 2010/03/01 v1.5 Detect VTeX and its facilities (HO)
Package ifvtex Info: VTeX not detected.
)
("C:\Program Files (x86)\MiKTeX 2.9\tex\generic\ifxetex\ifxetex.sty"
Package: ifxetex 2010/09/12 v0.6 Provides ifxetex conditional
)
\Gm@cnth=\count87
\Gm@cntv=\count88
\c@Gm@tempcnt=\count89
\Gm@bindingoffset=\dimen103
\Gm@wd@mp=\dimen104
\Gm@odd@mp=\dimen105
\Gm@even@mp=\dimen106
\Gm@layoutwidth=\dimen107
\Gm@layoutheight=\dimen108
\Gm@layouthoffset=\dimen109
\Gm@layoutvoffset=\dimen110
\Gm@dimlist=\toks15

("C:\Program Files (x86)\MiKTeX 2.9\tex\xelatex\xetexconfig\geometry.cfg"))
("C:\Program Files (x86)\MiKTeX 2.9\tex\generic\babel\babel.sty"
Package: babel 2015/08/03 3.9m The Babel package

*************************************
* Local config file bblopts.cfg used
*
("C:\Program Files (x86)\MiKTeX 2.9\tex\latex\00miktex\bblopts.cfg"
File: bblopts.cfg 2006/07/31 v1.0 MiKTeX 'babel' configuration
)
("C:\Program Files (x86)\MiKTeX 2.9\tex\latex\babel-english\english.ldf"
Language: english 2012/08/20 v3.3p English support from the babel system

("C:\Program Files (x86)\MiKTeX 2.9\tex\generic\babel\babel.def"
File: babel.def 2015/08/03 3.9m Babel common definitions
\babel@savecnt=\count90
\U@D=\dimen111

("C:\Program Files (x86)\MiKTeX 2.9\tex\generic\babel\xebabel.def"))
\l@canadian = a dialect from \language\l@american 
\l@australian = a dialect from \language\l@british 
\l@newzealand = a dialect from \language\l@british 
))
(resume.sty ("C:\Program Files (x86)\MiKTeX 2.9\tex\latex\mdwtools\mdwlist.sty"
Package: mdwlist 1996/05/02 1.1 Various list-related things
) ("C:\Program Files (x86)\MiKTeX 2.9\tex\latex\tools\multicol.sty"
Package: multicol 2015/08/19 v1.8n multicolumn formatting (FMi)
\c@tracingmulticols=\count91
\mult@box=\box26
\multicol@leftmargin=\dimen112
\c@unbalance=\count92
\c@collectmore=\count93
\doublecol@number=\count94
\multicoltolerance=\count95
\multicolpretolerance=\count96
\full@width=\dimen113
\page@free=\dimen114
\premulticols=\dimen115
\postmulticols=\dimen116
\multicolsep=\skip43
\multicolbaselineskip=\skip44
\partial@page=\box27
\last@line=\box28
\maxbalancingoverflow=\dimen117
\mult@rightbox=\box29
\mult@grightbox=\box30
\mult@gfirstbox=\box31
\mult@firstbox=\box32
\@tempa=\box33
\@tempa=\box34
\@tempa=\box35
\@tempa=\box36
\@tempa=\box37
\@tempa=\box38
\@tempa=\box39
\@tempa=\box40
\@tempa=\box41
\@tempa=\box42
\@tempa=\box43
\@tempa=\box44
\@tempa=\box45
\@tempa=\box46
\@tempa=\box47
\@tempa=\box48
\@tempa=\box49
\c@columnbadness=\count97
\c@finalcolumnbadness=\count98
\last@try=\dimen118
\multicolovershoot=\dimen119
\multicolundershoot=\dimen120
\mult@nat@firstbox=\box50
\colbreak@box=\box51
\mc@col@check@num=\count99
)
("C:\Program Files (x86)\MiKTeX 2.9\tex\latex\ltxmisc\relsize.sty"
Package: relsize 2003/07/04 ver 3.1
)
("C:\Program Files (x86)\MiKTeX 2.9\tex\latex\hyperref\hyperref.sty"
Package: hyperref 2012/11/06 v6.83m Hypertext links for LaTeX

("C:\Program Files (x86)\MiKTeX 2.9\tex\generic\oberdiek\hobsub-hyperref.sty"
Package: hobsub-hyperref 2012/04/25 v1.12 Bundle oberdiek, subset hyperref (HO)


("C:\Program Files (x86)\MiKTeX 2.9\tex\generic\oberdiek\hobsub-generic.sty"
Package: hobsub-generic 2012/04/25 v1.12 Bundle oberdiek, subset generic (HO)
Package: hobsub 2012/04/25 v1.12 Construct package bundles (HO)
Package: infwarerr 2010/04/08 v1.3 Providing info/warning/error messages (HO)
Package: ltxcmds 2011/11/09 v1.22 LaTeX kernel commands for general use (HO)
Package: ifluatex 2010/03/01 v1.3 Provides the ifluatex switch (HO)
Package ifluatex Info: LuaTeX not detected.
Package hobsub Info: Skipping package `ifvtex' (already loaded).
Package: intcalc 2007/09/27 v1.1 Expandable calculations with integers (HO)
Package hobsub Info: Skipping package `ifpdf' (already loaded).
Package: etexcmds 2011/02/16 v1.5 Avoid name clashes with e-TeX commands (HO)
Package etexcmds Info: Could not find \expanded.
(etexcmds)             That can mean that you are not using pdfTeX 1.50 or
(etexcmds)             that some package has redefined \expanded.
(etexcmds)             In the latter case, load this package earlier.
Package: kvsetkeys 2012/04/25 v1.16 Key value parser (HO)
Package: kvdefinekeys 2011/04/07 v1.3 Define keys (HO)
Package: pdftexcmds 2011/11/29 v0.20 Utility functions of pdfTeX for LuaTeX (HO
)
Package pdftexcmds Info: LuaTeX not detected.
Package pdftexcmds Info: pdfTeX >= 1.30 not detected.
Package pdftexcmds Info: \pdf@primitive is available.
Package pdftexcmds Info: \pdf@ifprimitive is available.
Package pdftexcmds Info: \pdfdraftmode not found.
Package: pdfescape 2011/11/25 v1.13 Implements pdfTeX's escape features (HO)
Package: bigintcalc 2012/04/08 v1.3 Expandable calculations on big integers (HO
)
Package: bitset 2011/01/30 v1.1 Handle bit-vector datatype (HO)
Package: uniquecounter 2011/01/30 v1.2 Provide unlimited unique counter (HO)
)
Package hobsub Info: Skipping package `hobsub' (already loaded).
Package: letltxmacro 2010/09/02 v1.4 Let assignment for LaTeX macros (HO)
Package: hopatch 2011/06/24 v1.1 Wrapper for package hooks (HO)
Package: xcolor-patch 2011/01/30 xcolor patch
Package: atveryend 2011/06/30 v1.8 Hooks at the very end of document (HO)
Package atveryend Info: \enddocument detected (standard20110627).
Package: atbegshi 2011/10/05 v1.16 At begin shipout hook (HO)
Package: refcount 2011/10/16 v3.4 Data extraction from label references (HO)
Package: hycolor 2011/01/30 v1.7 Color options for hyperref/bookmark (HO)
)
("C:\Program Files (x86)\MiKTeX 2.9\tex\latex\oberdiek\auxhook.sty"
Package: auxhook 2011/03/04 v1.3 Hooks for auxiliary files (HO)
)
("C:\Program Files (x86)\MiKTeX 2.9\tex\latex\oberdiek\kvoptions.sty"
Package: kvoptions 2011/06/30 v3.11 Key value format for package options (HO)
)
\@linkdim=\dimen121
\Hy@linkcounter=\count100
\Hy@pagecounter=\count101

("C:\Program Files (x86)\MiKTeX 2.9\tex\latex\hyperref\pd1enc.def"
File: pd1enc.def 2012/11/06 v6.83m Hyperref: PDFDocEncoding definition (HO)
)
\Hy@SavedSpaceFactor=\count102

("C:\Program Files (x86)\MiKTeX 2.9\tex\latex\00miktex\hyperref.cfg"
File: hyperref.cfg 2002/06/06 v1.2 hyperref configuration of TeXLive
)
Package hyperref Info: Hyper figures OFF on input line 4443.
Package hyperref Info: Link nesting OFF on input line 4448.
Package hyperref Info: Hyper index ON on input line 4451.
Package hyperref Info: Plain pages OFF on input line 4458.
Package hyperref Info: Backreferencing OFF on input line 4463.
Package hyperref Info: Implicit mode ON; LaTeX internals redefined.
Package hyperref Info: Bookmarks ON on input line 4688.
\c@Hy@tempcnt=\count103

("C:\Program Files (x86)\MiKTeX 2.9\tex\latex\url\url.sty"
\Urlmuskip=\muskip10
Package: url 2013/09/16  ver 3.4  Verb mode for urls, etc.
)
LaTeX Info: Redefining \url on input line 5041.
\XeTeXLinkMargin=\dimen122
Requested font "pzdr" at 0.00002pt
\Fld@menulength=\count104
\Field@Width=\dimen123
\Fld@charsize=\dimen124
Package hyperref Info: Hyper figures OFF on input line 6295.
Package hyperref Info: Link nesting OFF on input line 6300.
Package hyperref Info: Hyper index ON on input line 6303.
Package hyperref Info: backreferencing OFF on input line 6310.
Package hyperref Info: Link coloring OFF on input line 6315.
Package hyperref Info: Link coloring with OCG OFF on input line 6320.
Package hyperref Info: PDF/A mode OFF on input line 6325.
LaTeX Info: Redefining \ref on input line 6365.
LaTeX Info: Redefining \pageref on input line 6369.
\Hy@abspage=\count105
\c@Item=\count106
\c@Hfootnote=\count107
)

Package hyperref Message: Driver (autodetected): hxetex.

("C:\Program Files (x86)\MiKTeX 2.9\tex\latex\hyperref\hxetex.def"
File: hxetex.def 2012/11/06 v6.83m Hyperref driver for XeTeX

("C:\Program Files (x86)\MiKTeX 2.9\tex\latex\hyperref\puenc.def"
File: puenc.def 2012/11/06 v6.83m Hyperref: PDF Unicode definition (HO)
)
("C:\Program Files (x86)\MiKTeX 2.9\tex\generic\oberdiek\stringenc.sty"
Package: stringenc 2011/12/02 v1.10 Convert strings between diff. encodings (HO
)
)
\pdfm@box=\box52
\c@Hy@AnnotLevel=\count108
\HyField@AnnotCount=\count109
\Fld@listcount=\count110
\c@bookmark@seq@number=\count111

("C:\Program Files (x86)\MiKTeX 2.9\tex\latex\oberdiek\rerunfilecheck.sty"
Package: rerunfilecheck 2011/04/15 v1.7 Rerun checks for auxiliary files (HO)
Package rerunfilecheck Info: Feature \pdfmdfivesum is not available
(rerunfilecheck)             (e.g. pdfTeX or LuaTeX with package `pdftexcmds').

(rerunfilecheck)             Therefore file contents cannot be checked efficien
tly
(rerunfilecheck)             and the loading of the package is aborted.
)
\Hy@SectionHShift=\skip45
)
("C:\Program Files (x86)\MiKTeX 2.9\tex\latex\xcolor\xcolor.sty"
Package: xcolor 2007/01/21 v2.11 LaTeX color extensions (UK)

("C:\Program Files (x86)\MiKTeX 2.9\tex\latex\00miktex\color.cfg"
File: color.cfg 2007/01/18 v1.5 color configuration of teTeX/TeXLive
)
Package xcolor Info: Driver file: xetex.def on input line 225.

("C:\Program Files (x86)\MiKTeX 2.9\tex\xelatex\xetex-def\xetex.def"
File: xetex.def 2015/09/11 v4.06 LaTeX color/graphics driver for XeTeX (TeX Liv
e/RRM/JK)
)
Package xcolor Info: Model `cmy' substituted by `cmy0' on input line 1337.
Package xcolor Info: Model `RGB' extended on input line 1353.
Package xcolor Info: Model `HTML' substituted by `rgb' on input line 1355.
Package xcolor Info: Model `Hsb' substituted by `hsb' on input line 1356.
Package xcolor Info: Model `tHsb' substituted by `hsb' on input line 1357.
Package xcolor Info: Model `HSB' substituted by `hsb' on input line 1358.
Package xcolor Info: Model `Gray' substituted by `gray' on input line 1359.
Package xcolor Info: Model `wave' substituted by `hsb' on input line 1360.
)
Package hyperref Info: Option `colorlinks' set `true' on input line 55.

("C:\Program Files (x86)\MiKTeX 2.9\tex\latex\fontspec\fontspec.sty"
Package: fontspec 2015/09/24 v2.4e Font selection for XeLaTeX and LuaLaTeX

("C:\Program Files (x86)\MiKTeX 2.9\tex\latex\l3kernel\expl3.sty"
Package: expl3 2015/11/04 v6224 L3 programming layer (loader) 

("C:\Program Files (x86)\MiKTeX 2.9\tex\latex\l3kernel\expl3-code.tex"
Package: expl3 2015/11/04 v6224 L3 programming layer (code) 
L3 Module: l3bootstrap 2015/10/18 v6213 L3 Bootstrap code
L3 Module: l3names 2015/11/03 v6220 L3 Namespace for primitives
L3 Module: l3basics 2015/09/22 v6033 L3 Basic definitions
L3 Module: l3expan 2015/09/10 v5983 L3 Argument expansion
L3 Module: l3tl 2015/09/29 v6121 L3 Token lists
L3 Module: l3str 2015/09/20 v6021 L3 Strings
L3 Module: l3seq 2015/08/05 v5777 L3 Sequences and stacks
L3 Module: l3int 2015/09/25 v6089 L3 Integers
\c_max_int=\count112
\l_tmpa_int=\count113
\l_tmpb_int=\count114
\g_tmpa_int=\count115
\g_tmpb_int=\count116
L3 Module: l3quark 2015/08/17 v5855 L3 Quarks
L3 Module: l3prg 2015/11/01 v6216 L3 Control structures
\g__prg_map_int=\count117
L3 Module: l3clist 2015/09/02 v5901 L3 Comma separated lists
L3 Module: l3token 2015/09/28 v6114 L3 Experimental token manipulation
L3 Module: l3prop 2015/08/05 v5777 L3 Property lists
L3 Module: l3msg 2015/09/28 v6113 L3 Messages
L3 Module: l3file 2015/09/23 v6037 L3 File and I/O operations
\l_iow_line_count_int=\count118
\l__iow_target_count_int=\count119
\l__iow_current_line_int=\count120
\l__iow_current_word_int=\count121
\l__iow_current_indentation_int=\count122
L3 Module: l3skip 2015/09/25 v6089 L3 Dimensions and skips
\c_zero_dim=\dimen125
\c_max_dim=\dimen126
\l_tmpa_dim=\dimen127
\l_tmpb_dim=\dimen128
\g_tmpa_dim=\dimen129
\g_tmpb_dim=\dimen130
\c_zero_skip=\skip46
\c_max_skip=\skip47
\l_tmpa_skip=\skip48
\l_tmpb_skip=\skip49
\g_tmpa_skip=\skip50
\g_tmpb_skip=\skip51
\c_zero_muskip=\muskip11
\c_max_muskip=\muskip12
\l_tmpa_muskip=\muskip13
\l_tmpb_muskip=\muskip14
\g_tmpa_muskip=\muskip15
\g_tmpb_muskip=\muskip16
L3 Module: l3keys 2015/09/23 v6037 L3 Key-value interfaces
\g__keyval_level_int=\count123
\l_keys_choice_int=\count124
L3 Module: l3fp 2015/08/25 v5890 L3 Floating points
\c__fp_leading_shift_int=\count125
\c__fp_middle_shift_int=\count126
\c__fp_trailing_shift_int=\count127
\c__fp_big_leading_shift_int=\count128
\c__fp_big_middle_shift_int=\count129
\c__fp_big_trailing_shift_int=\count130
\c__fp_Bigg_leading_shift_int=\count131
\c__fp_Bigg_middle_shift_int=\count132
\c__fp_Bigg_trailing_shift_int=\count133
L3 Module: l3box 2015/08/09 v5822 L3 Experimental boxes
\c_empty_box=\box53
\l_tmpa_box=\box54
\l_tmpb_box=\box55
\g_tmpa_box=\box56
\g_tmpb_box=\box57
L3 Module: l3coffins 2015/08/06 v5789 L3 Coffin code layer
\l__coffin_internal_box=\box58
\l__coffin_internal_dim=\dimen131
\l__coffin_offset_x_dim=\dimen132
\l__coffin_offset_y_dim=\dimen133
\l__coffin_x_dim=\dimen134
\l__coffin_y_dim=\dimen135
\l__coffin_x_prime_dim=\dimen136
\l__coffin_y_prime_dim=\dimen137
\c_empty_coffin=\box59
\l__coffin_aligned_coffin=\box60
\l__coffin_aligned_internal_coffin=\box61
\l_tmpa_coffin=\box62
\l_tmpb_coffin=\box63
\l__coffin_display_coffin=\box64
\l__coffin_display_coord_coffin=\box65
\l__coffin_display_pole_coffin=\box66
\l__coffin_display_offset_dim=\dimen138
\l__coffin_display_x_dim=\dimen139
\l__coffin_display_y_dim=\dimen140
L3 Module: l3color 2014/08/23 v5354 L3 Experimental color support
L3 Module: l3candidates 2015/11/01 v6216 L3 Experimental additions to l3kernel
\l__box_top_dim=\dimen141
\l__box_bottom_dim=\dimen142
\l__box_left_dim=\dimen143
\l__box_right_dim=\dimen144
\l__box_top_new_dim=\dimen145
\l__box_bottom_new_dim=\dimen146
\l__box_left_new_dim=\dimen147
\l__box_right_new_dim=\dimen148
\l__box_internal_box=\box67
\l__coffin_bounding_shift_dim=\dimen149
\l__coffin_left_corner_dim=\dimen150
\l__coffin_right_corner_dim=\dimen151
\l__coffin_bottom_corner_dim=\dimen152
\l__coffin_top_corner_dim=\dimen153
\l__coffin_scaled_total_height_dim=\dimen154
\l__coffin_scaled_width_dim=\dimen155
L3 Module: l3sys 2015/09/25 v6087 L3 Experimental system/runtime functions
L3 Module: l3luatex 2015/09/10 v5983 L3 Experimental LuaTeX-specific functions
)
("C:\Program Files (x86)\MiKTeX 2.9\tex\latex\l3kernel\l3unicode-data.def"
File: l3unicode-data.def 2015/07/20 v5676 L3 Unicode data
)
("C:\Program Files (x86)\MiKTeX 2.9\tex\latex\l3kernel\l3xdvipdfmx.def"
File: l3xdvidpfmx.def 2015/09/10 v5983 L3 Experimental driver: xdvipdfmx
))
("C:\Program Files (x86)\MiKTeX 2.9\tex\latex\l3packages\xparse\xparse.sty"
Package: xparse 2015/11/04 v6224 L3 Experimental document command parser
\l__xparse_current_arg_int=\count134
\l__xparse_m_args_int=\count135
\l__xparse_mandatory_args_int=\count136
\l__xparse_processor_int=\count137
\l__xparse_v_nesting_int=\count138
)
\l_fontspec_script_int=\count139
\l_fontspec_language_int=\count140
\l_fontspec_strnum_int=\count141
\l__fontspec_tmpa_dim=\dimen156
\l__fontspec_tmpb_dim=\dimen157
\l__fontspec_tmpc_dim=\dimen158

("C:\Program Files (x86)\MiKTeX 2.9\tex\latex\fontspec\fontspec-patches.sty"
Package: fontspec-patches 2015/09/24 v2.4e Font selection for XeLaTeX and LuaLa
TeX
LaTeX Info: Redefining \em on input line 49.
LaTeX Info: Redefining \emph on input line 57.
LaTeX Info: Redefining \- on input line 60.
.................................................
. LaTeX info: "xparse/redefine-command"
. 
. Redefining command \oldstylenums with sig. 'm' on line 155.
.................................................
.................................................
. LaTeX info: "xparse/define-command"
. 
. Defining command \liningnums with sig. 'm' on line 159.
.................................................
)
("C:\Program Files (x86)\MiKTeX 2.9\tex\latex\fontspec\fontspec-xetex.sty"
Package: fontspec-xetex 2015/09/24 v2.4e Font selection for XeLaTeX and LuaLaTe
X

("C:\Program Files (x86)\MiKTeX 2.9\tex\latex\base\fontenc.sty"
Package: fontenc 2005/09/27 v1.99g Standard LaTeX package

("C:\Program Files (x86)\MiKTeX 2.9\tex\latex\euenc\eu1enc.def"
File: eu1enc.def 2010/05/27 v0.1h Experimental Unicode font encodings
)
LaTeX Font Info:    Try loading font information for EU1+lmr on input line 105.


("C:\Program Files (x86)\MiKTeX 2.9\tex\latex\euenc\eu1lmr.fd"
File: eu1lmr.fd 2009/10/30 v1.6 Font defs for Latin Modern
)
Requested font "[lmroman10-regular]:mapping=tex-text" at 10.0pt
 -> C:/Program Files (x86)/MiKTeX 2.9/fonts/opentype/public/lm/lmroman10-regula
r.otf
)
("C:\Program Files (x86)\MiKTeX 2.9\tex\xelatex\xunicode\xunicode.sty"
File: xunicode.sty 2011/09/09 v0.981 provides access to latin accents and many 
other characters in Unicode lower plane

("C:\Program Files (x86)\MiKTeX 2.9\tex\latex\tipa\t3enc.def"
File: t3enc.def 2001/12/31 T3 encoding
Requested font "[lmromanslant10-regular]:mapping=tex-text" at 10.0pt
 -> C:/Program Files (x86)/MiKTeX 2.9/fonts/opentype/public/lm/lmromanslant10-r
egular.otf
Requested font "[lmroman10-italic]:mapping=tex-text" at 10.0pt
 -> C:/Program Files (x86)/MiKTeX 2.9/fonts/opentype/public/lm/lmroman10-italic
.otf
Requested font "[lmroman10-bold]:mapping=tex-text" at 10.0pt
 -> C:/Program Files (x86)/MiKTeX 2.9/fonts/opentype/public/lm/lmroman10-bold.o
tf
LaTeX Font Info:    Try loading font information for EU1+lmss on input line 357
.

("C:\Program Files (x86)\MiKTeX 2.9\tex\latex\euenc\eu1lmss.fd"
File: eu1lmss.fd 2009/10/30 v1.6 Font defs for Latin Modern
)
Requested font "[lmsans10-regular]:mapping=tex-text" at 10.0pt
 -> C:/Program Files (x86)/MiKTeX 2.9/fonts/opentype/public/lm/lmsans10-regular
.otf
)
\tipaTiiicode=\count142
\tipasavetokens=\toks16
\tipachecktokens=\toks17

("C:\Program Files (x86)\MiKTeX 2.9\tex\latex\graphics\graphicx.sty"
Package: graphicx 2014/10/28 v1.0g Enhanced LaTeX Graphics (DPC,SPQR)

("C:\Program Files (x86)\MiKTeX 2.9\tex\latex\graphics\graphics.sty"
Package: graphics 2014/10/28 v1.0p Standard LaTeX Graphics (DPC,SPQR)

("C:\Program Files (x86)\MiKTeX 2.9\tex\latex\graphics\trig.sty"
Package: trig 1999/03/16 v1.09 sin cos tan (DPC)
)
("C:\Program Files (x86)\MiKTeX 2.9\tex\latex\00miktex\graphics.cfg"
File: graphics.cfg 2007/01/18 v1.5 graphics configuration of teTeX/TeXLive
)
Package graphics Info: Driver file: xetex.def on input line 94.
)
\Gin@req@height=\dimen159
\Gin@req@width=\dimen160
))
.................................................
. LaTeX info: "xparse/define-command"
. 
. Defining command \__fontspec_post_arg:w with sig. 'mmO{}' on line 42.
.................................................
.................................................
. LaTeX info: "xparse/define-command"
. 
. Defining command \fontspec with sig. 'om' on line 44.
.................................................
.................................................
. LaTeX info: "xparse/define-command"
. 
. Defining command \setmainfont with sig. 'om' on line 54.
.................................................
.................................................
. LaTeX info: "xparse/define-command"
. 
. Defining command \setsansfont with sig. 'om' on line 64.
.................................................
.................................................
. LaTeX info: "xparse/define-command"
. 
. Defining command \setmonofont with sig. 'om' on line 74.
.................................................
.................................................
. LaTeX info: "xparse/define-command"
. 
. Defining command \setmathrm with sig. 'om' on line 88.
.................................................
.................................................
. LaTeX info: "xparse/define-command"
. 
. Defining command \setboldmathrm with sig. 'om' on line 96.
.................................................
.................................................
. LaTeX info: "xparse/define-command"
. 
. Defining command \setmathsf with sig. 'om' on line 104.
.................................................
.................................................
. LaTeX info: "xparse/define-command"
. 
. Defining command \setmathtt with sig. 'om' on line 112.
.................................................
.................................................
. LaTeX info: "xparse/define-command"
. 
. Defining command \newfontfamily with sig. 'mom' on line 126.
.................................................
.................................................
. LaTeX info: "xparse/define-command"
. 
. Defining command \newfontface with sig. 'mom' on line 141.
.................................................
.................................................
. LaTeX info: "xparse/define-command"
. 
. Defining command \defaultfontfeatures with sig. 't+om' on line 155.
.................................................
.................................................
. LaTeX info: "xparse/define-command"
. 
. Defining command \addfontfeatures with sig. 'm' on line 210.
.................................................
.................................................
. LaTeX info: "xparse/define-command"
. 
. Defining command \newfontfeature with sig. 'mm' on line 221.
.................................................
.................................................
. LaTeX info: "xparse/define-command"
. 
. Defining command \newAATfeature with sig. 'mmmm' on line 229.
.................................................
.................................................
. LaTeX info: "xparse/define-command"
. 
. Defining command \newopentypefeature with sig. 'mmm' on line 237.
.................................................
.................................................
. LaTeX info: "xparse/define-command"
. 
. Defining command \aliasfontfeature with sig. 'mm' on line 258.
.................................................
.................................................
. LaTeX info: "xparse/define-command"
. 
. Defining command \aliasfontfeatureoption with sig. 'mmm' on line 267.
.................................................
.................................................
. LaTeX info: "xparse/define-command"
. 
. Defining command \newfontscript with sig. 'mm' on line 272.
.................................................
.................................................
. LaTeX info: "xparse/define-command"
. 
. Defining command \newfontlanguage with sig. 'mm' on line 298.
.................................................
.................................................
. LaTeX info: "xparse/define-command"
. 
. Defining command \DeclareFontsExtensions with sig. 'm' on line 318.
.................................................
\l__fontspec_tmp_int=\count143
LaTeX Info: Redefining \itshape on input line 2227.
LaTeX Info: Redefining \slshape on input line 2232.
LaTeX Info: Redefining \scshape on input line 2237.
LaTeX Info: Redefining \upshape on input line 2242.

("C:\Program Files (x86)\MiKTeX 2.9\tex\latex\fontspec\fontspec.cfg")))
\g__file_internal_ior=\read1
Requested font "[texgyrepagella-regular.otf]/OT" at 10.0pt
 -> C:/Program Files (x86)/MiKTeX 2.9//fonts/opentype/public/tex-gyre/texgyrepa
gella-regular.otf

*************************************************
* fontspec warning: "icu-feature-not-exist-in-font"
* 
* OpenType feature 'Ligatures=Common,Contextual' (+clig) not available for
* font 'texgyrepagella-regular.otf' with script 'Latin' and language
* 'Default'.
*************************************************
\g__fontspec_family_texgyrepagella-regular.otf_int=\count144
Requested font "[texgyrepagella-regular]/OT" at 10.0pt
 -> C:/Program Files (x86)/MiKTeX 2.9/fonts/opentype/public/tex-gyre/texgyrepag
ella-regular.otf
*************************************************
* fontspec warning: "icu-feature-not-exist-in-font"
* 
* OpenType feature 'Ligatures=Common,Contextual' (+clig) not available for
* font 'texgyrepagella-regular' with script 'Latin' and language 'Default'.
*************************************************
*************************************************
* fontspec warning: "icu-feature-not-exist-in-font"
* 
* OpenType feature 'Ligatures=Common,Contextual' (+clig) not available for
* font 'texgyrepagella-regular' with script 'Latin' and language 'Default'.
*************************************************
Requested font "[texgyrepagella-bold]/OT" at 10.0pt
 -> C:/Program Files (x86)/MiKTeX 2.9/fonts/opentype/public/tex-gyre/texgyrepag
ella-bold.otf
*************************************************
* fontspec warning: "icu-feature-not-exist-in-font"
* 
* OpenType feature 'Ligatures=Common,Contextual' (+clig) not available for
* font 'texgyrepagella-bold' with script 'Latin' and language 'Default'.
*************************************************
*************************************************
* fontspec warning: "icu-feature-not-exist-in-font"
* 
* OpenType feature 'Ligatures=Common,Contextual' (+clig) not available for
* font 'texgyrepagella-bold' with script 'Latin' and language 'Default'.
*************************************************
Requested font "[texgyrepagella-italic]/OT" at 10.0pt
 -> C:/Program Files (x86)/MiKTeX 2.9/fonts/opentype/public/tex-gyre/texgyrepag
ella-italic.otf
*************************************************
* fontspec warning: "icu-feature-not-exist-in-font"
* 
* OpenType feature 'Ligatures=Common,Contextual' (+clig) not available for
* font 'texgyrepagella-italic' with script 'Latin' and language 'Default'.
*************************************************
*************************************************
* fontspec warning: "icu-feature-not-exist-in-font"
* 
* OpenType feature 'Ligatures=Common,Contextual' (+clig) not available for
* font 'texgyrepagella-italic' with script 'Latin' and language 'Default'.
*************************************************
Requested font "[texgyrepagella-bolditalic]/OT" at 10.0pt
 -> C:/Program Files (x86)/MiKTeX 2.9/fonts/opentype/public/tex-gyre/texgyrepag
ella-bolditalic.otf
*************************************************
* fontspec warning: "icu-feature-not-exist-in-font"
* 
* OpenType feature 'Ligatures=Common,Contextual' (+clig) not available for
* font 'texgyrepagella-bolditalic' with script 'Latin' and language 'Default'.
*************************************************
*************************************************
* fontspec warning: "icu-feature-not-exist-in-font"
* 
* OpenType feature 'Ligatures=Common,Contextual' (+clig) not available for
* font 'texgyrepagella-bolditalic' with script 'Latin' and language 'Default'.
*************************************************
.................................................
. fontspec info: "defining-font"
. 
. Font family 'texgyrepagella-regular.otf(0)' created for font
. 'texgyrepagella-regular.otf' with options
. [Ligatures=TeX,ExternalLocation,Mapping = tex-text,Numbers =
. OldStyle,Ligatures = {Common,Contextual},BoldFont =
. texgyrepagella-bold.otf,ItalicFont =
. texgyrepagella-italic.otf,BoldItalicFont = texgyrepagella-bolditalic.otf].
. 
. This font family consists of the following shapes:
. 
. * 'normal' with NFSS spec.:
. 
. <->"[texgyrepagella-regular]/OT:script=latn;language=DFLT;mapping=tex-text;ma
pping=tex-text;+onum;+liga;"
. 
. * 'small caps' with NFSS spec.:
. 
. <->"[texgyrepagella-regular]/OT:script=latn;language=DFLT;mapping=tex-text;ma
pping=tex-text;+onum;+liga;+smcp;"
. and font adjustment code:
. 
. 
. * 'bold' with NFSS spec.:
. 
. <->"[texgyrepagella-bold]/OT:script=latn;language=DFLT;mapping=tex-text;mappi
ng=tex-text;+onum;+liga;"
. 
. * 'bold small caps' with NFSS spec.:
. 
. <->"[texgyrepagella-bold]/OT:script=latn;language=DFLT;mapping=tex-text;mappi
ng=tex-text;+onum;+liga;+smcp;"
. and font adjustment code:
. 
. 
. * 'italic' with NFSS spec.:
. 
. <->"[texgyrepagella-italic]/OT:script=latn;language=DFLT;mapping=tex-text;map
ping=tex-text;+onum;+liga;"
. 
. * 'small caps' with NFSS spec.:
. 
. <->"[texgyrepagella-italic]/OT:script=latn;language=DFLT;mapping=tex-text;map
ping=tex-text;+onum;+liga;+smcp;"
. and font adjustment code:
. 
. 
. * 'bold italic' with NFSS spec.:
. 
. <->"[texgyrepagella-bolditalic]/OT:script=latn;language=DFLT;mapping=tex-text
;mapping=tex-text;+onum;+liga;"
. 
. * 'bold small caps' with NFSS spec.:
. 
. <->"[texgyrepagella-bolditalic]/OT:script=latn;language=DFLT;mapping=tex-text
;mapping=tex-text;+onum;+liga;+smcp;"
. and font adjustment code:
. 
.................................................
Requested font "[texgyrepagella-regular]/OT:script=latn;language=DFLT;mapping=t
ex-text;mapping=tex-text;+onum;+liga;" at 10.0pt
 -> C:/Program Files (x86)/MiKTeX 2.9/fonts/opentype/public/tex-gyre/texgyrepag
ella-regular.otf
*************************************************
* fontspec warning: "icu-feature-not-exist-in-font"
* 
* OpenType feature 'Ligatures=Common,Contextual' (+clig) not available for
* font 'texgyrepagella-regular.otf' with script 'Latin' and language
* 'Default'.
*************************************************
*************************************************
* fontspec warning: "icu-feature-not-exist-in-font"
* 
* OpenType feature 'Ligatures=Common,Contextual' (+clig) not available for
* font 'texgyrepagella-regular' with script 'Latin' and language 'Default'.
*************************************************
*************************************************
* fontspec warning: "icu-feature-not-exist-in-font"
* 
* OpenType feature 'Ligatures=Common,Contextual' (+clig) not available for
* font 'texgyrepagella-regular' with script 'Latin' and language 'Default'.
*************************************************
*************************************************
* fontspec warning: "icu-feature-not-exist-in-font"
* 
* OpenType feature 'Ligatures=Common,Contextual' (+clig) not available for
* font 'texgyrepagella-bold' with script 'Latin' and language 'Default'.
*************************************************
*************************************************
* fontspec warning: "icu-feature-not-exist-in-font"
* 
* OpenType feature 'Ligatures=Common,Contextual' (+clig) not available for
* font 'texgyrepagella-bold' with script 'Latin' and language 'Default'.
*************************************************
*************************************************
* fontspec warning: "icu-feature-not-exist-in-font"
* 
* OpenType feature 'Ligatures=Common,Contextual' (+clig) not available for
* font 'texgyrepagella-italic' with script 'Latin' and language 'Default'.
*************************************************
*************************************************
* fontspec warning: "icu-feature-not-exist-in-font"
* 
* OpenType feature 'Ligatures=Common,Contextual' (+clig) not available for
* font 'texgyrepagella-italic' with script 'Latin' and language 'Default'.
*************************************************
*************************************************
* fontspec warning: "icu-feature-not-exist-in-font"
* 
* OpenType feature 'Ligatures=Common,Contextual' (+clig) not available for
* font 'texgyrepagella-bolditalic' with script 'Latin' and language 'Default'.
*************************************************
*************************************************
* fontspec warning: "icu-feature-not-exist-in-font"
* 
* OpenType feature 'Ligatures=Common,Contextual' (+clig) not available for
* font 'texgyrepagella-bolditalic' with script 'Latin' and language 'Default'.
*************************************************
.................................................
. fontspec info: "defining-font"
. 
. Font family 'texgyrepagella-regular.otf(1)' created for font
. 'texgyrepagella-regular.otf' with options [ExternalLocation,Mapping =
. tex-text,Ligatures = {Common,Contextual},BoldFont =
. texgyrepagella-bold.otf,ItalicFont =
. texgyrepagella-italic.otf,BoldItalicFont = texgyrepagella-bolditalic.otf].
. 
. This font family consists of the following shapes:
. 
. * 'normal' with NFSS spec.:
. 
. <->"[texgyrepagella-regular]/OT:script=latn;language=DFLT;mapping=tex-text;+l
iga;"
. 
. * 'small caps' with NFSS spec.:
. 
. <->"[texgyrepagella-regular]/OT:script=latn;language=DFLT;mapping=tex-text;+l
iga;+smcp;"
. and font adjustment code:
. 
. 
. * 'bold' with NFSS spec.:
. 
. <->"[texgyrepagella-bold]/OT:script=latn;language=DFLT;mapping=tex-text;+liga
;"
. 
. * 'bold small caps' with NFSS spec.:
. 
. <->"[texgyrepagella-bold]/OT:script=latn;language=DFLT;mapping=tex-text;+liga
;+smcp;"
. and font adjustment code:
. 
. 
. * 'italic' with NFSS spec.:
. 
. <->"[texgyrepagella-italic]/OT:script=latn;language=DFLT;mapping=tex-text;+li
ga;"
. 
. * 'small caps' with NFSS spec.:
. 
. <->"[texgyrepagella-italic]/OT:script=latn;language=DFLT;mapping=tex-text;+li
ga;+smcp;"
. and font adjustment code:
. 
. 
. * 'bold italic' with NFSS spec.:
. 
. <->"[texgyrepagella-bolditalic]/OT:script=latn;language=DFLT;mapping=tex-text
;+liga;"
. 
. * 'bold small caps' with NFSS spec.:
. 
. <->"[texgyrepagella-bolditalic]/OT:script=latn;language=DFLT;mapping=tex-text
;+liga;+smcp;"
. and font adjustment code:
. 
.................................................
("C:\Program Files (x86)\MiKTeX 2.9\tex\latex\microtype\microtype.sty"
Package: microtype 2013/05/23 v2.5a Micro-typographical refinements (RS)
\MT@toks=\toks18
\MT@count=\count145
LaTeX Info: Redefining \textls on input line 766.
\MT@outer@kern=\dimen161
LaTeX Info: Redefining \textmicrotypecontext on input line 1285.
\MT@listname@count=\count146

("C:\Program Files (x86)\MiKTeX 2.9\tex\latex\microtype\microtype-xetex.def"
File: microtype-xetex.def 2013/05/23 v2.5a Definitions specific to xetex (RS)
LaTeX Info: Redefining \lsstyle on input line 254.
)
Package microtype Info: Loading configuration file microtype.cfg.

("C:\Program Files (x86)\MiKTeX 2.9\tex\latex\microtype\microtype.cfg"
File: microtype.cfg 2013/05/23 v2.5a microtype main configuration file (RS)
))
\newparindent=\skip52
\doubleparindent=\skip53
)
No file cies-breijs-resume.aux.
LaTeX Font Info:    Checking defaults for OML/cmm/m/it on input line 29.
LaTeX Font Info:    ... okay on input line 29.
LaTeX Font Info:    Checking defaults for T1/cmr/m/n on input line 29.
LaTeX Font Info:    ... okay on input line 29.
LaTeX Font Info:    Checking defaults for OT1/cmr/m/n on input line 29.
LaTeX Font Info:    ... okay on input line 29.
LaTeX Font Info:    Checking defaults for OMS/cmsy/m/n on input line 29.
LaTeX Font Info:    ... okay on input line 29.
LaTeX Font Info:    Checking defaults for OMX/cmex/m/n on input line 29.
LaTeX Font Info:    ... okay on input line 29.
LaTeX Font Info:    Checking defaults for U/cmr/m/n on input line 29.
LaTeX Font Info:    ... okay on input line 29.
LaTeX Font Info:    Checking defaults for PD1/pdf/m/n on input line 29.
LaTeX Font Info:    ... okay on input line 29.
LaTeX Font Info:    Checking defaults for PU/pdf/m/n on input line 29.
LaTeX Font Info:    ... okay on input line 29.
LaTeX Font Info:    Checking defaults for EU1/lmr/m/n on input line 29.
LaTeX Font Info:    ... okay on input line 29.
LaTeX Font Info:    Checking defaults for T3/cmr/m/n on input line 29.
LaTeX Font Info:    Try loading font information for T3+cmr on input line 29.
("C:\Program Files (x86)\MiKTeX 2.9\tex\latex\tipa\t3cmr.fd"
File: t3cmr.fd 2001/12/31 TIPA font definitions
)
LaTeX Font Info:    ... okay on input line 29.

*geometry* detected driver: pdftex
*geometry* verbose mode - [ preamble ] result:
* driver: pdftex
* paper: a4paper
* layout: <same size as paper>
* layoutoffset:(h,v)=(0.0pt,0.0pt)
* modes: 
* h-part:(L,W,R)=(54.2025pt, 489.10287pt, 54.2025pt)
* v-part:(T,H,B)=(54.2025pt, 736.64185pt, 54.2025pt)
* \paperwidth=597.50787pt
* \paperheight=845.04684pt
* \textwidth=489.10287pt
* \textheight=736.64185pt
* \oddsidemargin=-18.06749pt
* \evensidemargin=-18.06749pt
* \topmargin=-55.06749pt
* \headheight=12.0pt
* \headsep=25.0pt
* \topskip=10.0pt
* \footskip=30.0pt
* \marginparwidth=57.0pt
* \marginparsep=11.0pt
* \columnsep=10.0pt
* \skip\footins=9.0pt plus 4.0pt minus 2.0pt
* \hoffset=0.0pt
* \voffset=0.0pt
* \mag=1000
* \@twocolumnfalse
* \@twosidefalse
* \@mparswitchfalse
* \@reversemarginfalse
* (1in=72.27pt=25.4mm, 1cm=28.453pt)

\AtBeginShipoutBox=\box68
Package hyperref Info: Link coloring ON on input line 29.
("C:\Program Files (x86)\MiKTeX 2.9\tex\latex\hyperref\nameref.sty"
Package: nameref 2012/10/27 v2.43 Cross-referencing by name of section

("C:\Program Files (x86)\MiKTeX 2.9\tex\generic\oberdiek\gettitlestring.sty"
Package: gettitlestring 2010/12/03 v1.4 Cleanup title references (HO)
)
\c@section@level=\count147
)
LaTeX Info: Redefining \ref on input line 29.
LaTeX Info: Redefining \pageref on input line 29.
LaTeX Info: Redefining \nameref on input line 29.
\@outlinefile=\write3


Package hyperref Warning: Rerun to get /PageLabels entry.

.................................................
. fontspec info: "setup-math"
. 
. Adjusting the maths setup (use [no-math] to avoid this).
.................................................
\symlegacymaths=\mathgroup4
LaTeX Font Info:    Overwriting symbol font `legacymaths' in version `bold'
(Font)                  OT1/cmr/m/n --> OT1/cmr/bx/n on input line 29.
LaTeX Font Info:    Redeclaring math accent \acute on input line 29.
LaTeX Font Info:    Redeclaring math accent \grave on input line 29.
LaTeX Font Info:    Redeclaring math accent \ddot on input line 29.
LaTeX Font Info:    Redeclaring math accent \tilde on input line 29.
LaTeX Font Info:    Redeclaring math accent \bar on input line 29.
LaTeX Font Info:    Redeclaring math accent \breve on input line 29.
LaTeX Font Info:    Redeclaring math accent \check on input line 29.
LaTeX Font Info:    Redeclaring math accent \hat on input line 29.
LaTeX Font Info:    Redeclaring math accent \dot on input line 29.
LaTeX Font Info:    Redeclaring math accent \mathring on input line 29.
LaTeX Font Info:    Redeclaring math symbol \colon on input line 29.
LaTeX Font Info:    Redeclaring math symbol \Gamma on input line 29.
LaTeX Font Info:    Redeclaring math symbol \Delta on input line 29.
LaTeX Font Info:    Redeclaring math symbol \Theta on input line 29.
LaTeX Font Info:    Redeclaring math symbol \Lambda on input line 29.
LaTeX Font Info:    Redeclaring math symbol \Xi on input line 29.
LaTeX Font Info:    Redeclaring math symbol \Pi on input line 29.
LaTeX Font Info:    Redeclaring math symbol \Sigma on input line 29.
LaTeX Font Info:    Redeclaring math symbol \Upsilon on input line 29.
LaTeX Font Info:    Redeclaring math symbol \Phi on input line 29.
LaTeX Font Info:    Redeclaring math symbol \Psi on input line 29.
LaTeX Font Info:    Redeclaring math symbol \Omega on input line 29.
LaTeX Font Info:    Redeclaring math symbol \mathdollar on input line 29.
LaTeX Font Info:    Redeclaring symbol font `operators' on input line 29.
LaTeX Font Info:    Encoding `OT1' has changed to `EU1' for symbol font
(Font)              `operators' in the math version `normal' on input line 29.
LaTeX Font Info:    Overwriting symbol font `operators' in version `normal'
(Font)                  OT1/cmr/m/n --> EU1/texgyrepagella-regular.otf(0)/m/n o
n input line 29.
LaTeX Font Info:    Encoding `OT1' has changed to `EU1' for symbol font
(Font)              `operators' in the math version `bold' on input line 29.
LaTeX Font Info:    Overwriting symbol font `operators' in version `bold'
(Font)                  OT1/cmr/bx/n --> EU1/texgyrepagella-regular.otf(0)/m/n 
on input line 29.
LaTeX Font Info:    Overwriting symbol font `operators' in version `normal'
(Font)                  EU1/texgyrepagella-regular.otf(0)/m/n --> EU1/texgyrepa
gella-regular.otf(0)/m/n on input line 29.
LaTeX Font Info:    Overwriting math alphabet `\mathit' in version `normal'
(Font)                  OT1/cmr/m/it --> EU1/texgyrepagella-regular.otf(0)/m/it
 on input line 29.
LaTeX Font Info:    Overwriting math alphabet `\mathbf' in version `normal'
(Font)                  OT1/cmr/bx/n --> EU1/texgyrepagella-regular.otf(0)/bx/n
 on input line 29.
LaTeX Font Info:    Overwriting math alphabet `\mathsf' in version `normal'
(Font)                  OT1/cmss/m/n --> EU1/lmss/m/n on input line 29.
LaTeX Font Info:    Overwriting math alphabet `\mathtt' in version `normal'
(Font)                  OT1/cmtt/m/n --> EU1/lmtt/m/n on input line 29.
LaTeX Font Info:    Overwriting symbol font `operators' in version `bold'
(Font)                  EU1/texgyrepagella-regular.otf(0)/m/n --> EU1/texgyrepa
gella-regular.otf(0)/bx/n on input line 29.
LaTeX Font Info:    Overwriting math alphabet `\mathit' in version `bold'
(Font)                  OT1/cmr/bx/it --> EU1/texgyrepagella-regular.otf(0)/bx/
it on input line 29.
LaTeX Font Info:    Overwriting math alphabet `\mathsf' in version `bold'
(Font)                  OT1/cmss/bx/n --> EU1/lmss/bx/n on input line 29.
LaTeX Font Info:    Overwriting math alphabet `\mathtt' in version `bold'
(Font)                  OT1/cmtt/m/n --> EU1/lmtt/bx/n on input line 29.
LaTeX Info: Redefining \microtypecontext on input line 29.
Package microtype Info: Character protrusion enabled (level 2).
Package microtype Info: Using default protrusion set `alltext'.
Package microtype Info: No adjustment of tracking.
Package microtype Info: No adjustment of spacing.
Package microtype Info: No adjustment of kerning.
Package microtype Info: Loading generic settings for font family
(microtype)             `texgyrepagella-regular.otf' (encoding: EU1).
(microtype)             For optimal results, create family-specific settings.
(microtype)             See the microtype manual for details.
Requested font "[texgyrepagella-regular]/OT:script=latn;language=DFLT;mapping=t
ex-text;mapping=tex-text;+onum;+liga;" at 7.0pt
 -> C:/Program Files (x86)/MiKTeX 2.9/fonts/opentype/public/tex-gyre/texgyrepag
ella-regular.otf

Overfull \vbox (5.082pt too high) detected at line 34
 []

Requested font "[texgyrepagella-regular]/OT:script=latn;language=DFLT;mapping=t
ex-text;mapping=tex-text;+onum;+liga;" at 17.28pt
 -> C:/Program Files (x86)/MiKTeX 2.9/fonts/opentype/public/tex-gyre/texgyrepag
ella-regular.otf
Requested font "[texgyrepagella-bold]/OT:script=latn;language=DFLT;mapping=tex-
text;mapping=tex-text;+onum;+liga;" at 17.28pt
 -> C:/Program Files (x86)/MiKTeX 2.9/fonts/opentype/public/tex-gyre/texgyrepag
ella-bold.otf
Requested font "[texgyrepagella-italic]/OT:script=latn;language=DFLT;mapping=te
x-text;mapping=tex-text;+onum;+liga;" at 10.0pt
 -> C:/Program Files (x86)/MiKTeX 2.9/fonts/opentype/public/tex-gyre/texgyrepag
ella-italic.otf

Package relsize Warning: Size requested is too large.
(relsize)                Using 24.88pt instead on input line 43.

Requested font "[texgyrepagella-regular]/OT:script=latn;language=DFLT;mapping=t
ex-text;mapping=tex-text;+onum;+liga;" at 24.88pt
 -> C:/Program Files (x86)/MiKTeX 2.9/fonts/opentype/public/tex-gyre/texgyrepag
ella-regular.otf
Requested font "[texgyrepagella-regular]/OT:script=latn;language=DFLT;mapping=t
ex-text;mapping=tex-text;+onum;+liga;" at 20.74pt
 -> C:/Program Files (x86)/MiKTeX 2.9/fonts/opentype/public/tex-gyre/texgyrepag
ella-regular.otf
Requested font "cmmi12" at 24.88pt
Requested font "cmmi12" at 20.74pt
Requested font "cmmi12" at 17.28pt
Requested font "cmsy10" at 24.88pt
Requested font "cmsy10" at 20.74pt
Requested font "cmsy10" at 17.28pt
LaTeX Font Info:    External font `cmex10' loaded for size
(Font)              <24.88> on input line 43.
LaTeX Font Info:    External font `cmex10' loaded for size
(Font)              <20.74> on input line 43.
LaTeX Font Info:    External font `cmex10' loaded for size
(Font)              <17.28> on input line 43.
Requested font "cmr17" at 24.88pt
("C:\Program Files (x86)\MiKTeX 2.9\tex\latex\microtype\mt-cmr.cfg"
File: mt-cmr.cfg 2013/05/19 v2.2 microtype config. file: Computer Modern Roman 
(RS)
)
Requested font "cmr17" at 20.74pt
Requested font "cmr17" at 17.28pt
Requested font "[texgyrepagella-regular]/OT:script=latn;language=DFLT;mapping=t
ex-text;mapping=tex-text;+onum;+liga;" at 8.0pt
 -> C:/Program Files (x86)/MiKTeX 2.9/fonts/opentype/public/tex-gyre/texgyrepag
ella-regular.otf


Package relsize Warning: Size requested is too large.
(relsize)                Using 24.88pt instead on input line 44.

Requested font "[texgyrepagella-regular]/OT:script=latn;language=DFLT;mapping=t
ex-text;+liga;" at 10.0pt
 -> C:/Program Files (x86)/MiKTeX 2.9/fonts/opentype/public/tex-gyre/texgyrepag
ella-regular.otf

Package relsize Warning: Size requested is too large.
(relsize)                Using 24.88pt instead on input line 45.


Package relsize Warning: Size requested is too large.
(relsize)                Using 24.88pt instead on input line 48.

Requested font "[texgyrepagella-regular]/OT:script=latn;language=DFLT;mapping=t
ex-text;mapping=tex-text;+onum;+liga;" at 12.0pt
 -> C:/Program Files (x86)/MiKTeX 2.9/fonts/opentype/public/tex-gyre/texgyrepag
ella-regular.otf
Requested font "[texgyrepagella-regular]/OT:script=latn;language=DFLT;mapping=t
ex-text;mapping=tex-text;+onum;+liga;+smcp;" at 12.0pt
 -> C:/Program Files (x86)/MiKTeX 2.9/fonts/opentype/public/tex-gyre/texgyrepag
ella-regular.otf

Package relsize Warning: Size requested is too large.
(relsize)                Using 24.88pt instead on input line 49.


Package relsize Warning: Size requested is too large.
(relsize)                Using 24.88pt instead on input line 50.

Requested font "[texgyrepagella-bold]/OT:script=latn;language=DFLT;mapping=tex-
text;mapping=tex-text;+onum;+liga;" at 12.0pt
 -> C:/Program Files (x86)/MiKTeX 2.9/fonts/opentype/public/tex-gyre/texgyrepag
ella-bold.otf
Requested font "[texgyrepagella-regular]/OT:script=latn;language=DFLT;mapping=t
ex-text;mapping=tex-text;+onum;+liga;" at 9.0pt
 -> C:/Program Files (x86)/MiKTeX 2.9/fonts/opentype/public/tex-gyre/texgyrepag
ella-regular.otf

Underfull \hbox (badness 10000) in paragraph at lines 59--63

 []

Requested font "[texgyrepagella-bold]/OT:script=latn;language=DFLT;mapping=tex-
text;mapping=tex-text;+onum;+liga;" at 8.0pt
 -> C:/Program Files (x86)/MiKTeX 2.9/fonts/opentype/public/tex-gyre/texgyrepag
ella-bold.otf
Requested font "[texgyrepagella-regular]/OT:script=latn;language=DFLT;mapping=t
ex-text;mapping=tex-text;+onum;+liga;" at 11.00006pt
 -> C:/Program Files (x86)/MiKTeX 2.9/fonts/opentype/public/tex-gyre/texgyrepag
ella-regular.otf
Requested font "[texgyrepagella-regular]/OT:script=latn;language=DFLT;mapping=t
ex-text;mapping=tex-text;+onum;+liga;+smcp;" at 10.0pt
 -> C:/Program Files (x86)/MiKTeX 2.9/fonts/opentype/public/tex-gyre/texgyrepag
ella-regular.otf
Requested font "[texgyrepagella-bold]/OT:script=latn;language=DFLT;mapping=tex-
text;mapping=tex-text;+onum;+liga;" at 10.0pt
 -> C:/Program Files (x86)/MiKTeX 2.9/fonts/opentype/public/tex-gyre/texgyrepag
ella-bold.otf
Requested font "[texgyrepagella-regular]/OT:script=latn;language=DFLT;mapping=t
ex-text;mapping=tex-text;+onum;+liga;" at 5.0pt
 -> C:/Program Files (x86)/MiKTeX 2.9/fonts/opentype/public/tex-gyre/texgyrepag
ella-regular.otf
LaTeX Font Info:    External font `cmex10' loaded for size
(Font)              <7> on input line 90.
LaTeX Font Info:    External font `cmex10' loaded for size
(Font)              <5> on input line 90.
Requested font "[texgyrepagella-bold]/OT:script=latn;language=DFLT;mapping=tex-
text;mapping=tex-text;+onum;+liga;" at 9.0pt
 -> C:/Program Files (x86)/MiKTeX 2.9/fonts/opentype/public/tex-gyre/texgyrepag
ella-bold.otf
Requested font "[texgyrepagella-regular]/OT:script=latn;language=DFLT;mapping=t
ex-text;mapping=tex-text;+onum;+liga;+smcp;" at 9.0pt
 -> C:/Program Files (x86)/MiKTeX 2.9/fonts/opentype/public/tex-gyre/texgyrepag
ella-regular.otf
("C:\Program Files (x86)\MiKTeX 2.9\tex\generic\oberdiek\se-ascii-print.def"
File: se-ascii-print.def 2011/12/02 v1.10 stringenc: Printable ASCII characters

)
[1

]
Requested font "[texgyrepagella-italic]/OT:script=latn;language=DFLT;mapping=te
x-text;mapping=tex-text;+onum;+liga;" at 9.0pt
 -> C:/Program Files (x86)/MiKTeX 2.9/fonts/opentype/public/tex-gyre/texgyrepag
ella-italic.otf
Package atveryend Info: Empty hook `BeforeClearDocument' on input line 267.
 [2]
Package atveryend Info: Empty hook `AfterLastShipout' on input line 267.
 (cies-breijs-resume.aux)
Package atveryend Info: Empty hook `AtVeryEndDocument' on input line 267.
Package atveryend Info: Empty hook `AtEndAfterFileList' on input line 267.
Package atveryend Info: Empty hook `AtVeryVeryEnd' on input line 267.
 ) 
Here is how much of TeX's memory you used:
 23618 strings out of 428724
 438136 string characters out of 3163137
 514695 words of memory out of 3000000
 26845 multiletter control sequences out of 15000+200000
 6990 words of font info for 55 fonts, out of 3000000 for 9000
 1097 hyphenation exceptions out of 8191
 63i,5n,68p,10370b,497s stack positions out of 5000i,500n,10000p,200000b,50000s

Output written on cies-breijs-resume.pdf (2 pages).
